# JRE version: OpenJDK Runtime Environment (21.0.6) (build 21.0.6+-13391695-b895.109)
# Java VM: OpenJDK 64-Bit Server VM (21.0.6+-13391695-b895.109, mixed mode, tiered, compressed oops, compressed class ptrs, g1 gc, windows-amd64)
GC Precious Log:
 CardTable entry size: 512
 Card Set container configuration: InlinePtr #cards 5 size 8 Array Of Cards #cards 12 size 40 Howl #buckets 4 coarsen threshold 1843 Howl Bitmap #cards 512 size 80 coarsen threshold 460 Card regions per heap region 1 cards per card region 2048
 CPUs: 8 total, 8 available
 Memory: 8112M
 Large Page Support: Disabled
 NUMA Support: Disabled
 Compressed Oops: Enabled (32-bit)
 Heap Region Size: 1M
 Heap Min Capacity: 8M
 Heap Initial Capacity: 128M
 Heap Max Capacity: 2G
 Pre-touch: Disabled
 Parallel Workers: 8
 Concurrent Workers: 2
 Concurrent Refinement Workers: 8
 Periodic GC: Disabled
Heap:
 garbage-first heap   total 222208K, used 145161K [0x0000000080000000, 0x0000000100000000)
  region size 1024K, 10 young (10240K), 7 survivors (7168K)
 Metaspace       used 96133K, committed 98304K, reserved 1179648K
  class space    used 12893K, committed 13952K, reserved 1048576K
GC Heap History (20 events):
Event: 112.870 GC heap before
{Heap before GC invocations=27 (full 0):
 garbage-first heap   total 157696K, used 139271K [0x0000000080000000, 0x0000000100000000)
  region size 1024K, 49 young (50176K), 7 survivors (7168K)
 Metaspace       used 74137K, committed 76096K, reserved 1179648K
  class space    used 10049K, committed 11008K, reserved 1048576K
}
Event: 112.878 GC heap after
{Heap after GC invocations=28 (full 0):
 garbage-first heap   total 157696K, used 100863K [0x0000000080000000, 0x0000000100000000)
  region size 1024K, 7 young (7168K), 7 survivors (7168K)
 Metaspace       used 74137K, committed 76096K, reserved 1179648K
  class space    used 10049K, committed 11008K, reserved 1048576K
}
Event: 127.835 GC heap before
{Heap before GC invocations=29 (full 0):
 garbage-first heap   total 168960K, used 139775K [0x0000000080000000, 0x0000000100000000)
  region size 1024K, 46 young (47104K), 7 survivors (7168K)
 Metaspace       used 74235K, committed 76096K, reserved 1179648K
  class space    used 10049K, committed 11008K, reserved 1048576K
}
Event: 127.840 GC heap after
{Heap after GC invocations=30 (full 0):
 garbage-first heap   total 168960K, used 102678K [0x0000000080000000, 0x0000000100000000)
  region size 1024K, 2 young (2048K), 2 survivors (2048K)
 Metaspace       used 74235K, committed 76096K, reserved 1179648K
  class space    used 10049K, committed 11008K, reserved 1048576K
}
Event: 145.935 GC heap before
{Heap before GC invocations=30 (full 0):
 garbage-first heap   total 168960K, used 162070K [0x0000000080000000, 0x0000000100000000)
  region size 1024K, 54 young (55296K), 2 survivors (2048K)
 Metaspace       used 74474K, committed 76352K, reserved 1179648K
  class space    used 10078K, committed 11008K, reserved 1048576K
}
Event: 145.940 GC heap after
{Heap after GC invocations=31 (full 0):
 garbage-first heap   total 169984K, used 112967K [0x0000000080000000, 0x0000000100000000)
  region size 1024K, 5 young (5120K), 5 survivors (5120K)
 Metaspace       used 74474K, committed 76352K, reserved 1179648K
  class space    used 10078K, committed 11008K, reserved 1048576K
}
Event: 146.035 GC heap before
{Heap before GC invocations=31 (full 0):
 garbage-first heap   total 169984K, used 112967K [0x0000000080000000, 0x0000000100000000)
  region size 1024K, 6 young (6144K), 5 survivors (5120K)
 Metaspace       used 74525K, committed 76480K, reserved 1179648K
  class space    used 10087K, committed 11072K, reserved 1048576K
}
Event: 146.037 GC heap after
{Heap after GC invocations=32 (full 0):
 garbage-first heap   total 169984K, used 113618K [0x0000000080000000, 0x0000000100000000)
  region size 1024K, 1 young (1024K), 1 survivors (1024K)
 Metaspace       used 74525K, committed 76480K, reserved 1179648K
  class space    used 10087K, committed 11072K, reserved 1048576K
}
Event: 154.672 GC heap before
{Heap before GC invocations=33 (full 0):
 garbage-first heap   total 196608K, used 162770K [0x0000000080000000, 0x0000000100000000)
  region size 1024K, 43 young (44032K), 1 survivors (1024K)
 Metaspace       used 77385K, committed 79360K, reserved 1179648K
  class space    used 10430K, committed 11392K, reserved 1048576K
}
Event: 154.677 GC heap after
{Heap after GC invocations=34 (full 0):
 garbage-first heap   total 196608K, used 125222K [0x0000000080000000, 0x0000000100000000)
  region size 1024K, 6 young (6144K), 6 survivors (6144K)
 Metaspace       used 77385K, committed 79360K, reserved 1179648K
  class space    used 10430K, committed 11392K, reserved 1048576K
}
Event: 159.341 GC heap before
{Heap before GC invocations=34 (full 0):
 garbage-first heap   total 196608K, used 174374K [0x0000000080000000, 0x0000000100000000)
  region size 1024K, 55 young (56320K), 6 survivors (6144K)
 Metaspace       used 82508K, committed 84608K, reserved 1179648K
  class space    used 11098K, committed 12160K, reserved 1048576K
}
Event: 159.346 GC heap after
{Heap after GC invocations=35 (full 0):
 garbage-first heap   total 196608K, used 126343K [0x0000000080000000, 0x0000000100000000)
  region size 1024K, 2 young (2048K), 2 survivors (2048K)
 Metaspace       used 82508K, committed 84608K, reserved 1179648K
  class space    used 11098K, committed 12160K, reserved 1048576K
}
Event: 160.304 GC heap before
{Heap before GC invocations=35 (full 0):
 garbage-first heap   total 196608K, used 133511K [0x0000000080000000, 0x0000000100000000)
  region size 1024K, 11 young (11264K), 2 survivors (2048K)
 Metaspace       used 83980K, committed 86016K, reserved 1179648K
  class space    used 11266K, committed 12288K, reserved 1048576K
}
Event: 160.308 GC heap after
{Heap after GC invocations=36 (full 0):
 garbage-first heap   total 196608K, used 128123K [0x0000000080000000, 0x0000000100000000)
  region size 1024K, 4 young (4096K), 4 survivors (4096K)
 Metaspace       used 83980K, committed 86016K, reserved 1179648K
  class space    used 11266K, committed 12288K, reserved 1048576K
}
Event: 162.838 GC heap before
{Heap before GC invocations=37 (full 0):
 garbage-first heap   total 222208K, used 184443K [0x0000000080000000, 0x0000000100000000)
  region size 1024K, 54 young (55296K), 4 survivors (4096K)
 Metaspace       used 86878K, committed 89024K, reserved 1179648K
  class space    used 11661K, committed 12736K, reserved 1048576K
}
Event: 162.843 GC heap after
{Heap after GC invocations=38 (full 0):
 garbage-first heap   total 222208K, used 132828K [0x0000000080000000, 0x0000000100000000)
  region size 1024K, 7 young (7168K), 7 survivors (7168K)
 Metaspace       used 86878K, committed 89024K, reserved 1179648K
  class space    used 11661K, committed 12736K, reserved 1048576K
}
Event: 169.294 GC heap before
{Heap before GC invocations=38 (full 0):
 garbage-first heap   total 222208K, used 198364K [0x0000000080000000, 0x0000000100000000)
  region size 1024K, 68 young (69632K), 7 survivors (7168K)
 Metaspace       used 92862K, committed 94976K, reserved 1179648K
  class space    used 12432K, committed 13504K, reserved 1048576K
}
Event: 169.301 GC heap after
{Heap after GC invocations=39 (full 0):
 garbage-first heap   total 222208K, used 139592K [0x0000000080000000, 0x0000000100000000)
  region size 1024K, 4 young (4096K), 4 survivors (4096K)
 Metaspace       used 92862K, committed 94976K, reserved 1179648K
  class space    used 12432K, committed 13504K, reserved 1048576K
}
Event: 176.487 GC heap before
{Heap before GC invocations=39 (full 0):
 garbage-first heap   total 222208K, used 203080K [0x0000000080000000, 0x0000000100000000)
  region size 1024K, 66 young (67584K), 4 survivors (4096K)
 Metaspace       used 96132K, committed 98304K, reserved 1179648K
  class space    used 12893K, committed 13952K, reserved 1048576K
}
Event: 176.494 GC heap after
{Heap after GC invocations=40 (full 0):
 garbage-first heap   total 222208K, used 143113K [0x0000000080000000, 0x0000000100000000)
  region size 1024K, 7 young (7168K), 7 survivors (7168K)
 Metaspace       used 96132K, committed 98304K, reserved 1179648K
  class space    used 12893K, committed 13952K, reserved 1048576K
}

